-------------------------------------------------------------------------------
Test set: TestSuite
-------------------------------------------------------------------------------
Tests run: 28, Failures: 3, Errors: 0, Skipped: 0, Time elapsed: 6.852 s <<< FAILURE! - in TestSuite
checkGermanInstructionsTest(com.cocktaildb.CocktaildbTests)  Time elapsed: 0.444 s  <<< FAILURE!
java.lang.AssertionError: 
The following asserts failed:
	A. J. does not have german instructions expected object to not be null,
	Orgasm does not have german instructions expected object to not be null
	at com.cocktaildb.CocktaildbTests.checkGermanInstructionsTest(CocktaildbTests.java:56)

checkGermanInstructionsTestDP(com.cocktaildb.CocktaildbTests)  Time elapsed: 0.002 s  <<< FAILURE!
java.lang.AssertionError: 
The following asserts failed:
	A. J. does not have german instructions expected object to not be null
	at com.cocktaildb.CocktaildbTests.checkGermanInstructionsTestDP(CocktaildbTests.java:69)

checkGermanInstructionsTestDP(com.cocktaildb.CocktaildbTests)  Time elapsed: 0.001 s  <<< FAILURE!
java.lang.AssertionError: 
The following asserts failed:
	Orgasm does not have german instructions expected object to not be null
	at com.cocktaildb.CocktaildbTests.checkGermanInstructionsTestDP(CocktaildbTests.java:69)

