<?xml version="1.0" encoding="UTF-8"?>
<testsuite xmlns:xsi="http://www.w3.org/2001/XMLSchema-instance" xsi:noNamespaceSchemaLocation="https://maven.apache.org/surefire/maven-surefire-plugin/xsd/surefire-test-report-3.0.xsd" version="3.0" name="TestSuite" time="6.852" tests="28" errors="0" skipped="0" failures="3">
  <properties>
[...]
</properties>
  <testcase name="checkGermanInstructionsTest" classname="com.cocktaildb.CocktaildbTests" time="0.444">
    <failure message="The following asserts failed:&#10;	A. J. does not have german instructions expected object to not be null,&#10;	Orgasm does not have german instructions expected object to not be null" type="java.lang.AssertionError">java.lang.AssertionError: 
The following asserts failed:
	A. J. does not have german instructions expected object to not be null,
	Orgasm does not have german instructions expected object to not be null
	at com.cocktaildb.CocktaildbTests.checkGermanInstructionsTest(CocktaildbTests.java:56)
</failure>
    <system-out><![CDATA[...
... TestNG 6.14.3 by Cédric Beust (cedric@beust.com)
...

[2019-11-26 15:45:44,110] [main] INFO (ConfigurationLoader.java:23) - Trying to open file: src/test/resources/EnvConfigurationFile.json
[2019-11-26 15:45:44,336] [TestNG-test=Api Tests-1] INFO (CocktaidbApiHelper.java:89) - Sending RQ to: https://www.thecocktaildb.com/api/json/v1/1/
]]></system-out>
  </testcase>
  <testcase name="checkGermanInstructionsTestDP" classname="com.cocktaildb.CocktaildbTests" time="0"/>
  <testcase name="checkGermanInstructionsTestDP" classname="com.cocktaildb.CocktaildbTests" time="0"/>
  <testcase name="checkGermanInstructionsTestDP" classname="com.cocktaildb.CocktaildbTests" time="0.001"/>
  <testcase name="checkGermanInstructionsTestDP" classname="com.cocktaildb.CocktaildbTests" time="0"/>
  <testcase name="checkGermanInstructionsTestDP" classname="com.cocktaildb.CocktaildbTests" time="0"/>
  <testcase name="checkGermanInstructionsTestDP" classname="com.cocktaildb.CocktaildbTests" time="0"/>
  <testcase name="checkGermanInstructionsTestDP" classname="com.cocktaildb.CocktaildbTests" time="0.001"/>
  <testcase name="checkGermanInstructionsTestDP" classname="com.cocktaildb.CocktaildbTests" time="0"/>
  <testcase name="checkGermanInstructionsTestDP" classname="com.cocktaildb.CocktaildbTests" time="0"/>
  <testcase name="checkGermanInstructionsTestDP" classname="com.cocktaildb.CocktaildbTests" time="0"/>
  <testcase name="checkGermanInstructionsTestDP" classname="com.cocktaildb.CocktaildbTests" time="0"/>
  <testcase name="checkGermanInstructionsTestDP" classname="com.cocktaildb.CocktaildbTests" time="0"/>
  <testcase name="checkGermanInstructionsTestDP" classname="com.cocktaildb.CocktaildbTests" time="0"/>
  <testcase name="checkGermanInstructionsTestDP" classname="com.cocktaildb.CocktaildbTests" time="0"/>
  <testcase name="checkGermanInstructionsTestDP" classname="com.cocktaildb.CocktaildbTests" time="0"/>
  <testcase name="checkGermanInstructionsTestDP" classname="com.cocktaildb.CocktaildbTests" time="0.002">
    <failure message="The following asserts failed:&#10;	A. J. does not have german instructions expected object to not be null" type="java.lang.AssertionError">java.lang.AssertionError: 
The following asserts failed:
	A. J. does not have german instructions expected object to not be null
	at com.cocktaildb.CocktaildbTests.checkGermanInstructionsTestDP(CocktaildbTests.java:69)
</failure>
  </testcase>
  <testcase name="checkGermanInstructionsTestDP" classname="com.cocktaildb.CocktaildbTests" time="0"/>
  <testcase name="checkGermanInstructionsTestDP" classname="com.cocktaildb.CocktaildbTests" time="0"/>
  <testcase name="checkGermanInstructionsTestDP" classname="com.cocktaildb.CocktaildbTests" time="0"/>
  <testcase name="checkGermanInstructionsTestDP" classname="com.cocktaildb.CocktaildbTests" time="0"/>
  <testcase name="checkGermanInstructionsTestDP" classname="com.cocktaildb.CocktaildbTests" time="0.001"/>
  <testcase name="checkGermanInstructionsTestDP" classname="com.cocktaildb.CocktaildbTests" time="0"/>
  <testcase name="checkGermanInstructionsTestDP" classname="com.cocktaildb.CocktaildbTests" time="0"/>
  <testcase name="checkGermanInstructionsTestDP" classname="com.cocktaildb.CocktaildbTests" time="0"/>
  <testcase name="checkGermanInstructionsTestDP" classname="com.cocktaildb.CocktaildbTests" time="0.001">
    <failure message="The following asserts failed:&#10;	Orgasm does not have german instructions expected object to not be null" type="java.lang.AssertionError">java.lang.AssertionError: 
The following asserts failed:
	Orgasm does not have german instructions expected object to not be null
	at com.cocktaildb.CocktaildbTests.checkGermanInstructionsTestDP(CocktaildbTests.java:69)
</failure>
  </testcase>
  <testcase name="searchDrinkById" classname="com.cocktaildb.CocktaildbTests" time="0.148"/>
  <testcase name="searchDrinkByNameTest" classname="com.cocktaildb.CocktaildbTests" time="0.111"/>
</testsuite>